<?xml version="1.0" encoding="UTF-8"?>
<!-- Generated by org.testng.reporters.JUnitReportReporter -->
<testsuite hostname="QB-IPL-2361" failures="0" tests="2" name="practice.AppiumE2EFramework.APIDemoTest" time="44.756" errors="0" timestamp="20 Jun 2022 10:05:51 GMT" skipped="0">
  <testcase classname="practice.AppiumE2EFramework.APIDemoTest" name="apiDemo" time="22.330"/>
  <testcase classname="practice.AppiumE2EFramework.APIDemoTest" name="apiDemo" time="22.426"/>
</testsuite> <!-- practice.AppiumE2EFramework.APIDemoTest -->
