<?xml version="1.0" encoding="UTF-8"?>
<!-- Generated by org.testng.reporters.JUnitReportReporter -->
<testsuite hostname="QB-IPL-2361" failures="0" tests="2" name="practice.AppiumE2EFramework.APIDemoTest" time="46.150" errors="0" timestamp="21 Jun 2022 05:52:05 GMT" skipped="0">
  <testcase classname="practice.AppiumE2EFramework.APIDemoTest" name="apiDemo" time="23.459"/>
  <testcase classname="practice.AppiumE2EFramework.APIDemoTest" name="apiDemo" time="22.691"/>
</testsuite> <!-- practice.AppiumE2EFramework.APIDemoTest -->
