<?xml version="1.0" encoding="UTF-8"?>
<!-- Generated by org.testng.reporters.JUnitReportReporter -->
<testsuite hostname="QB-IPL-2361" failures="0" tests="1" name="practice.AppiumE2EFramework.Ecommerce_Tc" time="34.148" errors="0" timestamp="21 Jun 2022 05:52:05 GMT" skipped="0">
  <testcase classname="practice.AppiumE2EFramework.Ecommerce_Tc" name="totalValidation" time="34.148"/>
</testsuite> <!-- practice.AppiumE2EFramework.Ecommerce_Tc -->
